Earthquake Producer - Metrics server started on port 8000
View metrics at: http://localhost:8000/metrics
Connecting to SeismicPortal WebSocket API...
Connected to SeismicPortal WebSocket API at 2026-01-11 05:41:13.283134
Received message: {'action': 'create', 'data': {'type': 'Feature', 'geometry': {'type': 'Point', 'coordinates': [27.1225, 38.7606, -6.9]}, 'id': '20260111_0000049', 'properties': {'source_id': '1928469', 'source_catalog': 'EMSC-RTS', 'lastupdate': '2026-01-11T03:41:51.118635Z', 'time': '2026-01-11T03:22:07.0Z', 'flynn_region': 'WESTERN TURKEY', 'lat': 38.7606, 'lon': 27.1225, 'depth': 6.9, 'evtype': 'ke', 'auth': 'AFAD', 'mag': 1.8, 'magtype': 'ml', 'unid': '20260111_0000049'}}}
Sent event 20260111_0000049 to Kafka
Received message: {'action': 'create', 'data': {'type': 'Feature', 'geometry': {'type': 'Point', 'coordinates': [127.03, 3.73, -32.0]}, 'id': '20260111_0000050', 'properties': {'source_id': '1928470', 'source_catalog': 'EMSC-RTS', 'lastupdate': '2026-01-11T03:42:22.465242Z', 'time': '2026-01-11T03:35:27.0Z', 'flynn_region': 'KEPULAUAN TALAUD, INDONESIA', 'lat': 3.73, 'lon': 127.03, 'depth': 32.0, 'evtype': 'ke', 'auth': 'BMKG', 'mag': 3.8, 'magtype': 'm', 'unid': '20260111_0000050'}}}
Sent event 20260111_0000050 to Kafka
Received message: {'action': 'create', 'data': {'type': 'Feature', 'geometry': {'type': 'Point', 'coordinates': [30.2081, 37.9694, -7.0]}, 'id': '20260111_0000051', 'properties': {'source_id': '1928471', 'source_catalog': 'EMSC-RTS', 'lastupdate': '2026-01-11T03:45:23.855608Z', 'time': '2026-01-11T03:23:23.0Z', 'flynn_region': 'WESTERN TURKEY', 'lat': 37.9694, 'lon': 30.2081, 'depth': 7.0, 'evtype': 'ke', 'auth': 'AFAD', 'mag': 1.4, 'magtype': 'ml', 'unid': '20260111_0000051'}}}
Sent event 20260111_0000051 to Kafka
Received message: {'action': 'create', 'data': {'type': 'Feature', 'geometry': {'type': 'Point', 'coordinates': [39.0436, 38.3881, -7.0]}, 'id': '20260111_0000052', 'properties': {'source_id': '1928472', 'source_catalog': 'EMSC-RTS', 'lastupdate': '2026-01-11T03:46:24.185604Z', 'time': '2026-01-11T03:18:19.0Z', 'flynn_region': 'EASTERN TURKEY', 'lat': 38.3881, 'lon': 39.0436, 'depth': 7.0, 'evtype': 'ke', 'auth': 'AFAD', 'mag': 0.8, 'magtype': 'ml', 'unid': '20260111_0000052'}}}
Sent event 20260111_0000052 to Kafka
Received message: {'action': 'create', 'data': {'type': 'Feature', 'geometry': {'type': 'Point', 'coordinates': [38.7886, 38.2697, -10.7]}, 'id': '20260111_0000053', 'properties': {'source_id': '1928473', 'source_catalog': 'EMSC-RTS', 'lastupdate': '2026-01-11T03:48:23.63181Z', 'time': '2026-01-11T03:22:24.0Z', 'flynn_region': 'EASTERN TURKEY', 'lat': 38.2697, 'lon': 38.7886, 'depth': 10.7, 'evtype': 'ke', 'auth': 'AFAD', 'mag': 1.2, 'magtype': 'ml', 'unid': '20260111_0000053'}}}
Sent event 20260111_0000053 to Kafka
Received message: {'action': 'create', 'data': {'type': 'Feature', 'geometry': {'type': 'Point', 'coordinates': [129.98, -3.68, -35.0]}, 'id': '20260111_0000054', 'properties': {'source_id': '1928474', 'source_catalog': 'EMSC-RTS', 'lastupdate': '2026-01-11T03:49:22.894999Z', 'time': '2026-01-11T03:43:13.0Z', 'flynn_region': 'SERAM, INDONESIA', 'lat': -3.68, 'lon': 129.98, 'depth': 35.0, 'evtype': 'ke', 'auth': 'BMKG', 'mag': 3.3, 'magtype': 'm', 'unid': '20260111_0000054'}}}
Sent event 20260111_0000054 to Kafka
Received message: {'action': 'create', 'data': {'type': 'Feature', 'geometry': {'type': 'Point', 'coordinates': [22.6934, 37.6518, -28.2]}, 'id': '20260111_0000055', 'properties': {'source_id': '1928476', 'source_catalog': 'EMSC-RTS', 'lastupdate': '2026-01-11T04:04:28.282869Z', 'time': '2026-01-11T04:02:59.35391Z', 'flynn_region': 'SOUTHERN GREECE', 'lat': 37.6518, 'lon': 22.6934, 'depth': 28.2, 'evtype': 'ke', 'auth': 'NOA', 'mag': 2.9, 'magtype': 'ml', 'unid': '20260111_0000055'}}}
Sent event 20260111_0000055 to Kafka
Received message: {'action': 'create', 'data': {'type': 'Feature', 'geometry': {'type': 'Point', 'coordinates': [-1.2994, 38.1899, -8.1]}, 'id': '20260111_0000056', 'properties': {'source_id': '1928477', 'source_catalog': 'EMSC-RTS', 'lastupdate': '2026-01-11T04:06:43.511509Z', 'time': '2026-01-11T03:40:37.84Z', 'flynn_region': 'SPAIN', 'lat': 38.1899, 'lon': -1.2994, 'depth': 8.1, 'evtype': 'ke', 'auth': 'IGN', 'mag': 1.6, 'magtype': 'ml', 'unid': '20260111_0000056'}}}
Sent event 20260111_0000056 to Kafka
Received message: {'action': 'create', 'data': {'type': 'Feature', 'geometry': {'type': 'Point', 'coordinates': [127.02, 3.69, -33.0]}, 'id': '20260111_0000057', 'properties': {'source_id': '1928478', 'source_catalog': 'EMSC-RTS', 'lastupdate': '2026-01-11T04:07:21.787109Z', 'time': '2026-01-11T04:03:18.0Z', 'flynn_region': 'KEPULAUAN TALAUD, INDONESIA', 'lat': 3.69, 'lon': 127.02, 'depth': 33.0, 'evtype': 'ke', 'auth': 'BMKG', 'mag': 3.5, 'magtype': 'm', 'unid': '20260111_0000057'}}}
Sent event 20260111_0000057 to Kafka
Received message: {'action': 'update', 'data': {'type': 'Feature', 'geometry': {'type': 'Point', 'coordinates': [28.1615, 39.1843, -10.2]}, 'id': '20260111_0000043', 'properties': {'source_id': '1928462', 'source_catalog': 'EMSC-RTS', 'lastupdate': '2026-01-11T03:04:28.510528Z', 'time': '2026-01-11T02:57:27.19Z', 'flynn_region': 'WESTERN TURKEY', 'lat': 39.1843, 'lon': 28.1615, 'depth': 10.2, 'evtype': 'ke', 'auth': 'EMSC', 'mag': 1.9, 'magtype': 'ml', 'unid': '20260111_0000043'}}}
Sent event 20260111_0000043 to Kafka
Received message: {'action': 'update', 'data': {'type': 'Feature', 'geometry': {'type': 'Point', 'coordinates': [28.1597, 39.2158, -11.6]}, 'id': '20260111_0000043', 'properties': {'source_id': '1928462', 'source_catalog': 'EMSC-RTS', 'lastupdate': '2026-01-11T04:10:28.675255Z', 'time': '2026-01-11T02:57:27.24Z', 'flynn_region': 'WESTERN TURKEY', 'lat': 39.2158, 'lon': 28.1597, 'depth': 11.6, 'evtype': 'ke', 'auth': 'EMSC', 'mag': 1.9, 'magtype': 'ml', 'unid': '20260111_0000043'}}}
Sent event 20260111_0000043 to Kafka
Received message: {'action': 'update', 'data': {'type': 'Feature', 'geometry': {'type': 'Point', 'coordinates': [22.6346, 37.6492, -60.9]}, 'id': '20260111_0000055', 'properties': {'source_id': '1928476', 'source_catalog': 'EMSC-RTS', 'lastupdate': '2026-01-11T04:13:07.279188Z', 'time': '2026-01-11T04:02:58.556404Z', 'flynn_region': 'SOUTHERN GREECE', 'lat': 37.6492, 'lon': 22.6346, 'depth': 60.9, 'evtype': 'ke', 'auth': 'NOA', 'mag': 3.1, 'magtype': 'ml', 'unid': '20260111_0000055'}}}
Sent event 20260111_0000055 to Kafka
Received message: {'action': 'create', 'data': {'type': 'Feature', 'geometry': {'type': 'Point', 'coordinates': [-121.9382, 37.7725, -8.0]}, 'id': '20260111_0000058', 'properties': {'source_id': '1928481', 'source_catalog': 'EMSC-RTS', 'lastupdate': '2026-01-11T04:13:17.311857Z', 'time': '2026-01-11T04:10:24.76Z', 'flynn_region': 'SAN FRANCISCO BAY AREA, CALIF.', 'lat': 37.7725, 'lon': -121.9382, 'depth': 8.0, 'evtype': 'ke', 'auth': 'NC', 'mag': 2.9, 'magtype': 'ml', 'unid': '20260111_0000058'}}}
Sent event 20260111_0000058 to Kafka
Received message: {'action': 'create', 'data': {'type': 'Feature', 'geometry': {'type': 'Point', 'coordinates': [31.6997, 40.8767, -8.8]}, 'id': '20260111_0000059', 'properties': {'source_id': '1928482', 'source_catalog': 'EMSC-RTS', 'lastupdate': '2026-01-11T04:13:58.747277Z', 'time': '2026-01-11T03:59:18.0Z', 'flynn_region': 'WESTERN TURKEY', 'lat': 40.8767, 'lon': 31.6997, 'depth': 8.8, 'evtype': 'ke', 'auth': 'AFAD', 'mag': 2.3, 'magtype': 'ml', 'unid': '20260111_0000059'}}}
Sent event 20260111_0000059 to Kafka
Received message: {'action': 'create', 'data': {'type': 'Feature', 'geometry': {'type': 'Point', 'coordinates': [120.1, -9.69, -62.0]}, 'id': '20260111_0000060', 'properties': {'source_id': '1928483', 'source_catalog': 'EMSC-RTS', 'lastupdate': '2026-01-11T04:14:20.112503Z', 'time': '2026-01-11T04:09:05.0Z', 'flynn_region': 'SUMBA REGION, INDONESIA', 'lat': -9.69, 'lon': 120.1, 'depth': 62.0, 'evtype': 'ke', 'auth': 'BMKG', 'mag': 3.1, 'magtype': 'm', 'unid': '20260111_0000060'}}}
Sent event 20260111_0000060 to Kafka
Received message: {'action': 'create', 'data': {'type': 'Feature', 'geometry': {'type': 'Point', 'coordinates': [133.58, -0.83, -10.0]}, 'id': '20260111_0000061', 'properties': {'source_id': '1928484', 'source_catalog': 'EMSC-RTS', 'lastupdate': '2026-01-11T04:14:20.119636Z', 'time': '2026-01-11T04:05:19.0Z', 'flynn_region': 'NEAR N COAST OF PAPUA, INDONESIA', 'lat': -0.83, 'lon': 133.58, 'depth': 10.0, 'evtype': 'ke', 'auth': 'BMKG', 'mag': 2.7, 'magtype': 'm', 'unid': '20260111_0000061'}}}
Sent event 20260111_0000061 to Kafka
Received message: {'action': 'update', 'data': {'type': 'Feature', 'geometry': {'type': 'Point', 'coordinates': [27.1225, 38.7606, -6.9]}, 'id': '20260111_0000049', 'properties': {'source_id': '1928469', 'source_catalog': 'EMSC-RTS', 'lastupdate': '2026-01-11T03:41:51.118635Z', 'time': '2026-01-11T03:22:07.0Z', 'flynn_region': 'WESTERN TURKEY', 'lat': 38.7606, 'lon': 27.1225, 'depth': 6.9, 'evtype': 'ke', 'auth': 'AFAD', 'mag': 1.6, 'magtype': 'ml', 'unid': '20260111_0000049'}}}
Sent event 20260111_0000049 to Kafka
Received message: {'action': 'update', 'data': {'type': 'Feature', 'geometry': {'type': 'Point', 'coordinates': [27.1578, 38.7526, -29.8]}, 'id': '20260111_0000049', 'properties': {'source_id': '1928469', 'source_catalog': 'EMSC-RTS', 'lastupdate': '2026-01-11T04:14:51.416221Z', 'time': '2026-01-11T03:22:04.67Z', 'flynn_region': 'WESTERN TURKEY', 'lat': 38.7526, 'lon': 27.1578, 'depth': 29.8, 'evtype': 'ke', 'auth': 'EMSC', 'mag': 1.6, 'magtype': 'ml', 'unid': '20260111_0000049'}}}
Sent event 20260111_0000049 to Kafka
Received message: {'action': 'update', 'data': {'type': 'Feature', 'geometry': {'type': 'Point', 'coordinates': [31.6997, 40.8767, -8.8]}, 'id': '20260111_0000059', 'properties': {'source_id': '1928482', 'source_catalog': 'EMSC-RTS', 'lastupdate': '2026-01-11T04:13:58.747277Z', 'time': '2026-01-11T03:59:18.0Z', 'flynn_region': 'WESTERN TURKEY', 'lat': 40.8767, 'lon': 31.6997, 'depth': 8.8, 'evtype': 'ke', 'auth': 'AFAD', 'mag': 2.2, 'magtype': 'ml', 'unid': '20260111_0000059'}}}
Sent event 20260111_0000059 to Kafka
Received message: {'action': 'update', 'data': {'type': 'Feature', 'geometry': {'type': 'Point', 'coordinates': [31.6997, 40.8767, -8.8]}, 'id': '20260111_0000059', 'properties': {'source_id': '1928482', 'source_catalog': 'EMSC-RTS', 'lastupdate': '2026-01-11T04:19:35.219925Z', 'time': '2026-01-11T03:59:17.92Z', 'flynn_region': 'WESTERN TURKEY', 'lat': 40.8767, 'lon': 31.6997, 'depth': 8.8, 'evtype': 'ke', 'auth': 'EMSC', 'mag': 2.2, 'magtype': 'ml', 'unid': '20260111_0000059'}}}
Sent event 20260111_0000059 to Kafka
Received message: {'action': 'create', 'data': {'type': 'Feature', 'geometry': {'type': 'Point', 'coordinates': [-121.9393, 37.7718, -7.3]}, 'id': '20260111_0000062', 'properties': {'source_id': '1928487', 'source_catalog': 'EMSC-RTS', 'lastupdate': '2026-01-11T04:22:46.619331Z', 'time': '2026-01-11T04:21:07.83Z', 'flynn_region': 'SAN FRANCISCO BAY AREA, CALIF.', 'lat': 37.7718, 'lon': -121.9393, 'depth': 7.3, 'evtype': 'ke', 'auth': 'NC', 'mag': 2.8, 'magtype': 'md', 'unid': '20260111_0000062'}}}
Sent event 20260111_0000062 to Kafka
Received message: {'action': 'create', 'data': {'type': 'Feature', 'geometry': {'type': 'Point', 'coordinates': [141.795, 39.656, -75.2]}, 'id': '20260111_0000063', 'properties': {'source_id': '1928485', 'source_catalog': 'EMSC-RTS', 'lastupdate': '2026-01-11T04:25:38.571849Z', 'time': '2026-01-11T04:15:37.09Z', 'flynn_region': 'EASTERN HONSHU, JAPAN', 'lat': 39.656, 'lon': 141.795, 'depth': 75.2, 'evtype': 'ke', 'auth': 'GFZ', 'mag': 5.4, 'magtype': 'mb', 'unid': '20260111_0000063'}}}
Sent event 20260111_0000063 to Kafka
Received message: {'action': 'update', 'data': {'type': 'Feature', 'geometry': {'type': 'Point', 'coordinates': [141.7877, 39.6115, -45.0]}, 'id': '20260111_0000063', 'properties': {'source_id': '1928485', 'source_catalog': 'EMSC-RTS', 'lastupdate': '2026-01-11T04:25:45.352444Z', 'time': '2026-01-11T04:15:33.97Z', 'flynn_region': 'EASTERN HONSHU, JAPAN', 'lat': 39.6115, 'lon': 141.7877, 'depth': 45.0, 'evtype': 'ke', 'auth': 'EMSC', 'mag': 5.4, 'magtype': 'mb', 'unid': '20260111_0000063'}}}
Sent event 20260111_0000063 to Kafka
Received message: {'action': 'update', 'data': {'type': 'Feature', 'geometry': {'type': 'Point', 'coordinates': [141.7879, 39.6264, -59.0]}, 'id': '20260111_0000063', 'properties': {'source_id': '1928485', 'source_catalog': 'EMSC-RTS', 'lastupdate': '2026-01-11T04:26:19.052675Z', 'time': '2026-01-11T04:15:35.4Z', 'flynn_region': 'EASTERN HONSHU, JAPAN', 'lat': 39.6264, 'lon': 141.7879, 'depth': 59.0, 'evtype': 'ke', 'auth': 'EMSC', 'mag': 5.4, 'magtype': 'mb', 'unid': '20260111_0000063'}}}
Sent event 20260111_0000063 to Kafka
Received message: {'action': 'update', 'data': {'type': 'Feature', 'geometry': {'type': 'Point', 'coordinates': [141.8422, 39.5962, -45.0]}, 'id': '20260111_0000063', 'properties': {'source_id': '1928485', 'source_catalog': 'EMSC-RTS', 'lastupdate': '2026-01-11T04:28:50.451504Z', 'time': '2026-01-11T04:15:33.93Z', 'flynn_region': 'EASTERN HONSHU, JAPAN', 'lat': 39.5962, 'lon': 141.8422, 'depth': 45.0, 'evtype': 'ke', 'auth': 'EMSC', 'mag': 5.4, 'magtype': 'mb', 'unid': '20260111_0000063'}}}
Sent event 20260111_0000063 to Kafka
Received message: {'action': 'create', 'data': {'type': 'Feature', 'geometry': {'type': 'Point', 'coordinates': [-78.0, -2.74, -5.0]}, 'id': '20260111_0000064', 'properties': {'source_id': '1928490', 'source_catalog': 'EMSC-RTS', 'lastupdate': '2026-01-11T04:29:40.550229Z', 'time': '2026-01-11T04:25:19.7Z', 'flynn_region': 'ECUADOR', 'lat': -2.74, 'lon': -78.0, 'depth': 5.0, 'evtype': 'ke', 'auth': 'QUI', 'mag': 3.5, 'magtype': 'm', 'unid': '20260111_0000064'}}}
Sent event 20260111_0000064 to Kafka
Received message: {'action': 'update', 'data': {'type': 'Feature', 'geometry': {'type': 'Point', 'coordinates': [141.8541, 39.5883, -45.0]}, 'id': '20260111_0000063', 'properties': {'source_id': '1928485', 'source_catalog': 'EMSC-RTS', 'lastupdate': '2026-01-11T04:31:02.47145Z', 'time': '2026-01-11T04:15:33.88Z', 'flynn_region': 'EASTERN HONSHU, JAPAN', 'lat': 39.5883, 'lon': 141.8541, 'depth': 45.0, 'evtype': 'ke', 'auth': 'EMSC', 'mag': 5.4, 'magtype': 'mb', 'unid': '20260111_0000063'}}}
Sent event 20260111_0000063 to Kafka
Received message: {'action': 'update', 'data': {'type': 'Feature', 'geometry': {'type': 'Point', 'coordinates': [-77.98, -2.75, -13.0]}, 'id': '20260111_0000064', 'properties': {'source_id': '1928490', 'source_catalog': 'EMSC-RTS', 'lastupdate': '2026-01-11T04:32:27.244348Z', 'time': '2026-01-11T04:25:16.4Z', 'flynn_region': 'PERU-ECUADOR BORDER REGION', 'lat': -2.75, 'lon': -77.98, 'depth': 13.0, 'evtype': 'ke', 'auth': 'QUI', 'mag': 2.9, 'magtype': 'ml', 'unid': '20260111_0000064'}}}
Sent event 20260111_0000064 to Kafka
Received message: {'action': 'update', 'data': {'type': 'Feature', 'geometry': {'type': 'Point', 'coordinates': [141.7252, 39.5919, -79.7]}, 'id': '20260111_0000063', 'properties': {'source_id': '1928485', 'source_catalog': 'EMSC-RTS', 'lastupdate': '2026-01-11T04:33:31.921855Z', 'time': '2026-01-11T04:15:37.17Z', 'flynn_region': 'EASTERN HONSHU, JAPAN', 'lat': 39.5919, 'lon': 141.7252, 'depth': 79.7, 'evtype': 'ke', 'auth': 'NEIC', 'mag': 5.2, 'magtype': 'mb', 'unid': '20260111_0000063'}}}
Sent event 20260111_0000063 to Kafka
Received message: {'action': 'create', 'data': {'type': 'Feature', 'geometry': {'type': 'Point', 'coordinates': [145.2308, 39.105, -10.0]}, 'id': '20251217_0000415', 'properties': {'source_id': '1928491', 'source_catalog': 'EMSC-RTS', 'lastupdate': '2026-01-11T04:35:03.72985Z', 'time': '2025-12-17T15:16:50.165Z', 'flynn_region': 'OFF EAST COAST OF HONSHU, JAPAN', 'lat': 39.105, 'lon': 145.2308, 'depth': 10.0, 'evtype': 'ke', 'auth': 'NEIC', 'mag': 4.3, 'magtype': 'mb', 'unid': '20251217_0000415'}}}
Sent event 20251217_0000415 to Kafka
Received message: {'action': 'create', 'data': {'type': 'Feature', 'geometry': {'type': 'Point', 'coordinates': [28.1511, 39.2278, -7.5]}, 'id': '20260111_0000065', 'properties': {'source_id': '1928492', 'source_catalog': 'EMSC-RTS', 'lastupdate': '2026-01-11T04:36:05.806695Z', 'time': '2026-01-11T04:26:19.0Z', 'flynn_region': 'WESTERN TURKEY', 'lat': 39.2278, 'lon': 28.1511, 'depth': 7.5, 'evtype': 'ke', 'auth': 'AFAD', 'mag': 1.5, 'magtype': 'ml', 'unid': '20260111_0000065'}}}
Sent event 20260111_0000065 to Kafka
Received message: {'action': 'create', 'data': {'type': 'Feature', 'geometry': {'type': 'Point', 'coordinates': [-117.8848, 36.2267, -4.0]}, 'id': '20260111_0000066', 'properties': {'source_id': '1928493', 'source_catalog': 'EMSC-RTS', 'lastupdate': '2026-01-11T04:36:47.991563Z', 'time': '2026-01-11T04:34:24.38Z', 'flynn_region': 'CENTRAL CALIFORNIA', 'lat': 36.2267, 'lon': -117.8848, 'depth': 4.0, 'evtype': 'ke', 'auth': 'SCSN', 'mag': 2.9, 'magtype': 'ml', 'unid': '20260111_0000066'}}}
Sent event 20260111_0000066 to Kafka
Received message: {'action': 'update', 'data': {'type': 'Feature', 'geometry': {'type': 'Point', 'coordinates': [28.1511, 39.2278, -7.5]}, 'id': '20260111_0000065', 'properties': {'source_id': '1928492', 'source_catalog': 'EMSC-RTS', 'lastupdate': '2026-01-11T04:36:05.806695Z', 'time': '2026-01-11T04:26:19.0Z', 'flynn_region': 'WESTERN TURKEY', 'lat': 39.2278, 'lon': 28.1511, 'depth': 7.5, 'evtype': 'ke', 'auth': 'AFAD', 'mag': 1.6, 'magtype': 'ml', 'unid': '20260111_0000065'}}}
Sent event 20260111_0000065 to Kafka
Received message: {'action': 'update', 'data': {'type': 'Feature', 'geometry': {'type': 'Point', 'coordinates': [28.1511, 39.2278, -7.5]}, 'id': '20260111_0000065', 'properties': {'source_id': '1928492', 'source_catalog': 'EMSC-RTS', 'lastupdate': '2026-01-11T04:37:34.854088Z', 'time': '2026-01-11T04:26:18.98Z', 'flynn_region': 'WESTERN TURKEY', 'lat': 39.2278, 'lon': 28.1511, 'depth': 7.5, 'evtype': 'ke', 'auth': 'EMSC', 'mag': 1.6, 'magtype': 'ml', 'unid': '20260111_0000065'}}}
Sent event 20260111_0000065 to Kafka
Received message: {'action': 'update', 'data': {'type': 'Feature', 'geometry': {'type': 'Point', 'coordinates': [-117.8837, 36.2288, -4.8]}, 'id': '20260111_0000066', 'properties': {'source_id': '1928493', 'source_catalog': 'EMSC-RTS', 'lastupdate': '2026-01-11T04:38:10.766326Z', 'time': '2026-01-11T04:34:24.38Z', 'flynn_region': 'CENTRAL CALIFORNIA', 'lat': 36.2288, 'lon': -117.8837, 'depth': 4.8, 'evtype': 'ke', 'auth': 'SCSN', 'mag': 2.8, 'magtype': 'ml', 'unid': '20260111_0000066'}}}
Sent event 20260111_0000066 to Kafka
Received message: {'action': 'create', 'data': {'type': 'Feature', 'geometry': {'type': 'Point', 'coordinates': [29.0094, 39.2592, -8.9]}, 'id': '20260111_0000067', 'properties': {'source_id': '1928486', 'source_catalog': 'EMSC-RTS', 'lastupdate': '2026-01-11T04:38:14.796451Z', 'time': '2026-01-11T04:05:48.0Z', 'flynn_region': 'WESTERN TURKEY', 'lat': 39.2592, 'lon': 29.0094, 'depth': 8.9, 'evtype': 'ke', 'auth': 'AFAD', 'mag': 1.6, 'magtype': 'ml', 'unid': '20260111_0000067'}}}
Sent event 20260111_0000067 to Kafka
Received message: {'action': 'update', 'data': {'type': 'Feature', 'geometry': {'type': 'Point', 'coordinates': [28.9904, 39.2358, -13.6]}, 'id': '20260111_0000067', 'properties': {'source_id': '1928486', 'source_catalog': 'EMSC-RTS', 'lastupdate': '2026-01-11T04:38:28.782993Z', 'time': '2026-01-11T04:05:47.73Z', 'flynn_region': 'WESTERN TURKEY', 'lat': 39.2358, 'lon': 28.9904, 'depth': 13.6, 'evtype': 'ke', 'auth': 'EMSC', 'mag': 1.6, 'magtype': 'ml', 'unid': '20260111_0000067'}}}
Sent event 20260111_0000067 to Kafka
Received message: {'action': 'create', 'data': {'type': 'Feature', 'geometry': {'type': 'Point', 'coordinates': [6.9169, 44.3999, -5.0]}, 'id': '20260111_0000068', 'properties': {'source_id': '1928495', 'source_catalog': 'EMSC-RTS', 'lastupdate': '2026-01-11T04:42:06.740665Z', 'time': '2026-01-11T04:39:51.406081Z', 'flynn_region': 'FRANCE', 'lat': 44.3999, 'lon': 6.9169, 'depth': 5.0, 'evtype': 'ke', 'auth': 'ReNaSS', 'mag': 2.0, 'magtype': 'ml', 'unid': '20260111_0000068'}}}
Sent event 20260111_0000068 to Kafka
Received message: {'action': 'create', 'data': {'type': 'Feature', 'geometry': {'type': 'Point', 'coordinates': [91.0785, -10.2536, -10.0]}, 'id': '20251217_0000416', 'properties': {'source_id': '1928496', 'source_catalog': 'EMSC-RTS', 'lastupdate': '2026-01-11T04:42:55.308628Z', 'time': '2025-12-17T15:34:11.97Z', 'flynn_region': 'SOUTH INDIAN OCEAN', 'lat': -10.2536, 'lon': 91.0785, 'depth': 10.0, 'evtype': 'ke', 'auth': 'NEIC', 'mag': 4.6, 'magtype': 'mb', 'unid': '20251217_0000416'}}}
Sent event 20251217_0000416 to Kafka
Received message: {'action': 'create', 'data': {'type': 'Feature', 'geometry': {'type': 'Point', 'coordinates': [-89.93, 13.25, -24.0]}, 'id': '20260111_0000069', 'properties': {'source_id': '1928497', 'source_catalog': 'EMSC-RTS', 'lastupdate': '2026-01-11T04:43:05.176067Z', 'time': '2026-01-11T04:35:45.0Z', 'flynn_region': 'OFFSHORE EL SALVADOR', 'lat': 13.25, 'lon': -89.93, 'depth': 24.0, 'evtype': 'ke', 'auth': 'INET', 'mag': 2.5, 'magtype': 'm', 'unid': '20260111_0000069'}}}
Sent event 20260111_0000069 to Kafka
Received message: {'action': 'create', 'data': {'type': 'Feature', 'geometry': {'type': 'Point', 'coordinates': [26.2115, 34.5575, -26.5]}, 'id': '20260111_0000070', 'properties': {'source_id': '1928502', 'source_catalog': 'EMSC-RTS', 'lastupdate': '2026-01-11T04:51:05.551338Z', 'time': '2026-01-11T04:40:59.680981Z', 'flynn_region': 'CRETE, GREECE', 'lat': 34.5575, 'lon': 26.2115, 'depth': 26.5, 'evtype': 'ke', 'auth': 'NOA', 'mag': 3.1, 'magtype': 'ml', 'unid': '20260111_0000070'}}}
Sent event 20260111_0000070 to Kafka
Received message: {'action': 'create', 'data': {'type': 'Feature', 'geometry': {'type': 'Point', 'coordinates': [141.9286, 30.8186, -10.0]}, 'id': '20260111_0000071', 'properties': {'source_id': '1928504', 'source_catalog': 'EMSC-RTS', 'lastupdate': '2026-01-11T04:54:07.885084Z', 'time': '2026-01-11T04:36:08.55Z', 'flynn_region': 'IZU ISLANDS, JAPAN REGION', 'lat': 30.8186, 'lon': 141.9286, 'depth': 10.0, 'evtype': 'ke', 'auth': 'NEIC', 'mag': 4.7, 'magtype': 'mb', 'unid': '20260111_0000071'}}}
Sent event 20260111_0000071 to Kafka
Received message: {'action': 'create', 'data': {'type': 'Feature', 'geometry': {'type': 'Point', 'coordinates': [-155.3745, 19.2027, -30.5]}, 'id': '20260111_0000072', 'properties': {'source_id': '1928505', 'source_catalog': 'EMSC-RTS', 'lastupdate': '2026-01-11T04:55:14.043559Z', 'time': '2026-01-11T04:50:46.66Z', 'flynn_region': 'ISLAND OF HAWAII, HAWAII', 'lat': 19.2027, 'lon': -155.3745, 'depth': 30.5, 'evtype': 'ke', 'auth': 'HV', 'mag': 2.2, 'magtype': 'md', 'unid': '20260111_0000072'}}}
Sent event 20260111_0000072 to Kafka
Received message: {'action': 'create', 'data': {'type': 'Feature', 'geometry': {'type': 'Point', 'coordinates': [-65.8543, 18.7867, -17.5]}, 'id': '20260111_0000073', 'properties': {'source_id': '1928506', 'source_catalog': 'EMSC-RTS', 'lastupdate': '2026-01-11T04:55:45.495891Z', 'time': '2026-01-11T04:14:11.63Z', 'flynn_region': 'PUERTO RICO REGION', 'lat': 18.7867, 'lon': -65.8543, 'depth': 17.5, 'evtype': 'ke', 'auth': 'PR', 'mag': 3.1, 'magtype': 'md', 'unid': '20260111_0000073'}}}
Sent event 20260111_0000073 to Kafka
Received message: {'action': 'create', 'data': {'type': 'Feature', 'geometry': {'type': 'Point', 'coordinates': [14.7832, 38.4918, -10.3]}, 'id': '20260111_0000074', 'properties': {'source_id': '1928507', 'source_catalog': 'EMSC-RTS', 'lastupdate': '2026-01-11T04:55:59.954279Z', 'time': '2026-01-11T04:44:48.15Z', 'flynn_region': 'SICILY, ITALY', 'lat': 38.4918, 'lon': 14.7832, 'depth': 10.3, 'evtype': 'ke', 'auth': 'INGV', 'mag': 2.4, 'magtype': 'ml', 'unid': '20260111_0000074'}}}
Sent event 20260111_0000074 to Kafka
Received message: {'action': 'create', 'data': {'type': 'Feature', 'geometry': {'type': 'Point', 'coordinates': [116.11, -10.95, -10.0]}, 'id': '20260111_0000075', 'properties': {'source_id': '1928508', 'source_catalog': 'EMSC-RTS', 'lastupdate': '2026-01-11T04:56:22.451081Z', 'time': '2026-01-11T04:49:54.0Z', 'flynn_region': 'SOUTH OF LOMBOK, INDONESIA', 'lat': -10.95, 'lon': 116.11, 'depth': 10.0, 'evtype': 'ke', 'auth': 'BMKG', 'mag': 3.5, 'magtype': 'm', 'unid': '20260111_0000075'}}}
Sent event 20260111_0000075 to Kafka
Received message: {'action': 'create', 'data': {'type': 'Feature', 'geometry': {'type': 'Point', 'coordinates': [26.1028, 39.6181, -8.4]}, 'id': '20260111_0000076', 'properties': {'source_id': '1928494', 'source_catalog': 'EMSC-RTS', 'lastupdate': '2026-01-11T04:56:31.331422Z', 'time': '2026-01-11T04:33:15.0Z', 'flynn_region': 'NEAR THE COAST OF WESTERN TURKEY', 'lat': 39.6181, 'lon': 26.1028, 'depth': 8.4, 'evtype': 'ke', 'auth': 'AFAD', 'mag': 1.6, 'magtype': 'ml', 'unid': '20260111_0000076'}}}
Sent event 20260111_0000076 to Kafka
Received message: {'action': 'update', 'data': {'type': 'Feature', 'geometry': {'type': 'Point', 'coordinates': [26.1129, 39.6444, -9.0]}, 'id': '20260111_0000076', 'properties': {'source_id': '1928494', 'source_catalog': 'EMSC-RTS', 'lastupdate': '2026-01-11T04:56:36.169023Z', 'time': '2026-01-11T04:33:14.69Z', 'flynn_region': 'NEAR THE COAST OF WESTERN TURKEY', 'lat': 39.6444, 'lon': 26.1129, 'depth': 9.0, 'evtype': 'ke', 'auth': 'EMSC', 'mag': 1.6, 'magtype': 'ml', 'unid': '20260111_0000076'}}}
Sent event 20260111_0000076 to Kafka
Received message: {'action': 'create', 'data': {'type': 'Feature', 'geometry': {'type': 'Point', 'coordinates': [28.1625, 39.215, -7.0]}, 'id': '20260111_0000077', 'properties': {'source_id': '1928498', 'source_catalog': 'EMSC-RTS', 'lastupdate': '2026-01-11T04:58:21.638135Z', 'time': '2026-01-11T04:34:54.0Z', 'flynn_region': 'WESTERN TURKEY', 'lat': 39.215, 'lon': 28.1625, 'depth': 7.0, 'evtype': 'ke', 'auth': 'AFAD', 'mag': 1.6, 'magtype': 'ml', 'unid': '20260111_0000077'}}}
Sent event 20260111_0000077 to Kafka
Received message: {'action': 'update', 'data': {'type': 'Feature', 'geometry': {'type': 'Point', 'coordinates': [28.1625, 39.215, -7.0]}, 'id': '20260111_0000077', 'properties': {'source_id': '1928498', 'source_catalog': 'EMSC-RTS', 'lastupdate': '2026-01-11T04:58:32.121374Z', 'time': '2026-01-11T04:34:54.16Z', 'flynn_region': 'WESTERN TURKEY', 'lat': 39.215, 'lon': 28.1625, 'depth': 7.0, 'evtype': 'ke', 'auth': 'EMSC', 'mag': 1.6, 'magtype': 'ml', 'unid': '20260111_0000077'}}}
Sent event 20260111_0000077 to Kafka
Received message: {'action': 'create', 'data': {'type': 'Feature', 'geometry': {'type': 'Point', 'coordinates': [151.682, -5.4382, -73.8]}, 'id': '20260111_0000078', 'properties': {'source_id': '1928509', 'source_catalog': 'EMSC-RTS', 'lastupdate': '2026-01-11T05:00:13.408023Z', 'time': '2026-01-11T02:54:45.41Z', 'flynn_region': 'NEW BRITAIN REGION, P.N.G.', 'lat': -5.4382, 'lon': 151.682, 'depth': 73.8, 'evtype': 'ke', 'auth': 'NEIC', 'mag': 4.5, 'magtype': 'mb', 'unid': '20260111_0000078'}}}
Sent event 20260111_0000078 to Kafka
Received message: {'action': 'create', 'data': {'type': 'Feature', 'geometry': {'type': 'Point', 'coordinates': [38.0703, 38.2242, -9.0]}, 'id': '20260111_0000079', 'properties': {'source_id': '1928500', 'source_catalog': 'EMSC-RTS', 'lastupdate': '2026-01-11T05:00:27.878131Z', 'time': '2026-01-11T04:36:48.0Z', 'flynn_region': 'EASTERN TURKEY', 'lat': 38.2242, 'lon': 38.0703, 'depth': 9.0, 'evtype': 'ke', 'auth': 'AFAD', 'mag': 1.8, 'magtype': 'ml', 'unid': '20260111_0000079'}}}
Sent event 20260111_0000079 to Kafka
Received message: {'action': 'update', 'data': {'type': 'Feature', 'geometry': {'type': 'Point', 'coordinates': [38.0717, 38.209, -11.2]}, 'id': '20260111_0000079', 'properties': {'source_id': '1928500', 'source_catalog': 'EMSC-RTS', 'lastupdate': '2026-01-11T05:00:38.898643Z', 'time': '2026-01-11T04:36:48.49Z', 'flynn_region': 'EASTERN TURKEY', 'lat': 38.209, 'lon': 38.0717, 'depth': 11.2, 'evtype': 'ke', 'auth': 'EMSC', 'mag': 1.8, 'magtype': 'ml', 'unid': '20260111_0000079'}}}
Sent event 20260111_0000079 to Kafka
Received message: {'action': 'create', 'data': {'type': 'Feature', 'geometry': {'type': 'Point', 'coordinates': [119.49, -8.27, -152.0]}, 'id': '20260111_0000080', 'properties': {'source_id': '1928511', 'source_catalog': 'EMSC-RTS', 'lastupdate': '2026-01-11T05:07:20.209025Z', 'time': '2026-01-11T05:00:23.0Z', 'flynn_region': 'FLORES REGION, INDONESIA', 'lat': -8.27, 'lon': 119.49, 'depth': 152.0, 'evtype': 'ke', 'auth': 'BMKG', 'mag': 2.5, 'magtype': 'm', 'unid': '20260111_0000080'}}}
Sent event 20260111_0000080 to Kafka
Received message: {'action': 'update', 'data': {'type': 'Feature', 'geometry': {'type': 'Point', 'coordinates': [141.5385, 41.0789, -85.3]}, 'id': '20251211_0000479', 'properties': {'source_id': '1914219', 'source_catalog': 'EMSC-RTS', 'lastupdate': '2026-01-11T05:13:18.99096Z', 'time': '2025-12-11T21:40:05.302Z', 'flynn_region': 'HOKKAIDO, JAPAN REGION', 'lat': 41.0789, 'lon': 141.5385, 'depth': 85.3, 'evtype': 'ke', 'auth': 'NEIC', 'mag': 4.3, 'magtype': 'mb', 'unid': '20251211_0000479'}}}
Sent event 20251211_0000479 to Kafka
Received message: {'action': 'create', 'data': {'type': 'Feature', 'geometry': {'type': 'Point', 'coordinates': [-71.8, -32.67, -28.5]}, 'id': '20260111_0000081', 'properties': {'source_id': '1928513', 'source_catalog': 'EMSC-RTS', 'lastupdate': '2026-01-11T05:16:20.802138Z', 'time': '2026-01-11T05:01:13.0Z', 'flynn_region': 'OFFSHORE VALPARAISO, CHILE', 'lat': -32.67, 'lon': -71.8, 'depth': 28.5, 'evtype': 'ke', 'auth': 'CSN', 'mag': 2.5, 'magtype': 'ml', 'unid': '20260111_0000081'}}}
Sent event 20260111_0000081 to Kafka
Received message: {'action': 'update', 'data': {'type': 'Feature', 'geometry': {'type': 'Point', 'coordinates': [-121.9599, 37.7508, -10.0]}, 'id': '20260111_0000058', 'properties': {'source_id': '1928481', 'source_catalog': 'EMSC-RTS', 'lastupdate': '2026-01-11T05:18:22.409856Z', 'time': '2026-01-11T04:10:25.011Z', 'flynn_region': 'SAN FRANCISCO BAY AREA, CALIF.', 'lat': 37.7508, 'lon': -121.9599, 'depth': 10.0, 'evtype': 'ke', 'auth': 'NEIC', 'mag': 2.8, 'magtype': 'ml', 'unid': '20260111_0000058'}}}
Sent event 20260111_0000058 to Kafka
Received message: {'action': 'create', 'data': {'type': 'Feature', 'geometry': {'type': 'Point', 'coordinates': [28.1403, 39.2253, -7.0]}, 'id': '20260111_0000082', 'properties': {'source_id': '1928514', 'source_catalog': 'EMSC-RTS', 'lastupdate': '2026-01-11T05:21:47.380659Z', 'time': '2026-01-11T05:05:10.0Z', 'flynn_region': 'WESTERN TURKEY', 'lat': 39.2253, 'lon': 28.1403, 'depth': 7.0, 'evtype': 'ke', 'auth': 'AFAD', 'mag': 1.3, 'magtype': 'ml', 'unid': '20260111_0000082'}}}
Sent event 20260111_0000082 to Kafka
Received message: {'action': 'update', 'data': {'type': 'Feature', 'geometry': {'type': 'Point', 'coordinates': [-122.812, 38.8315, -2.0]}, 'id': '20251231_0000205', 'properties': {'source_id': '1923148', 'source_catalog': 'EMSC-RTS', 'lastupdate': '2026-01-11T05:24:16.953455Z', 'time': '2025-12-31T15:28:39.0Z', 'flynn_region': 'NORTHERN CALIFORNIA', 'lat': 38.8315, 'lon': -122.812, 'depth': 2.0, 'evtype': 'ke', 'auth': 'NC', 'mag': 2.8, 'magtype': 'md', 'unid': '20251231_0000205'}}}
Sent event 20251231_0000205 to Kafka
Received message: {'action': 'create', 'data': {'type': 'Feature', 'geometry': {'type': 'Point', 'coordinates': [38.7889, 38.2839, -7.1]}, 'id': '20260111_0000083', 'properties': {'source_id': '1928515', 'source_catalog': 'EMSC-RTS', 'lastupdate': '2026-01-11T05:24:42.371363Z', 'time': '2026-01-11T05:03:23.0Z', 'flynn_region': 'EASTERN TURKEY', 'lat': 38.2839, 'lon': 38.7889, 'depth': 7.1, 'evtype': 'ke', 'auth': 'AFAD', 'mag': 1.1, 'magtype': 'ml', 'unid': '20260111_0000083'}}}
Sent event 20260111_0000083 to Kafka
Received message: {'action': 'update', 'data': {'type': 'Feature', 'geometry': {'type': 'Point', 'coordinates': [-117.8716, 36.2279, -6.8]}, 'id': '20260111_0000066', 'properties': {'source_id': '1928493', 'source_catalog': 'EMSC-RTS', 'lastupdate': '2026-01-11T05:26:33.573746Z', 'time': '2026-01-11T04:34:23.83Z', 'flynn_region': 'CENTRAL CALIFORNIA', 'lat': 36.2279, 'lon': -117.8716, 'depth': 6.8, 'evtype': 'ke', 'auth': 'NEIC', 'mag': 2.8, 'magtype': 'ml', 'unid': '20260111_0000066'}}}
Sent event 20260111_0000066 to Kafka
Received message: {'action': 'create', 'data': {'type': 'Feature', 'geometry': {'type': 'Point', 'coordinates': [120.62, -1.23, -5.0]}, 'id': '20260111_0000084', 'properties': {'source_id': '1928516', 'source_catalog': 'EMSC-RTS', 'lastupdate': '2026-01-11T05:28:20.355859Z', 'time': '2026-01-11T05:21:21.0Z', 'flynn_region': 'SULAWESI, INDONESIA', 'lat': -1.23, 'lon': 120.62, 'depth': 5.0, 'evtype': 'ke', 'auth': 'BMKG', 'mag': 2.5, 'magtype': 'm', 'unid': '20260111_0000084'}}}
Sent event 20260111_0000084 to Kafka
Received message: {'action': 'create', 'data': {'type': 'Feature', 'geometry': {'type': 'Point', 'coordinates': [140.83, -3.7, -92.0]}, 'id': '20260111_0000085', 'properties': {'source_id': '1928517', 'source_catalog': 'EMSC-RTS', 'lastupdate': '2026-01-11T05:35:20.147922Z', 'time': '2026-01-11T05:28:17.0Z', 'flynn_region': 'PAPUA, INDONESIA', 'lat': -3.7, 'lon': 140.83, 'depth': 92.0, 'evtype': 'ke', 'auth': 'BMKG', 'mag': 3.1, 'magtype': 'm', 'unid': '20260111_0000085'}}}
Sent event 20260111_0000085 to Kafka
Received message: {'action': 'create', 'data': {'type': 'Feature', 'geometry': {'type': 'Point', 'coordinates': [123.12, -0.2, -32.0]}, 'id': '20260111_0000086', 'properties': {'source_id': '1928518', 'source_catalog': 'EMSC-RTS', 'lastupdate': '2026-01-11T05:35:20.154864Z', 'time': '2026-01-11T05:25:13.0Z', 'flynn_region': 'SULAWESI, INDONESIA', 'lat': -0.2, 'lon': 123.12, 'depth': 32.0, 'evtype': 'ke', 'auth': 'BMKG', 'mag': 2.6, 'magtype': 'm', 'unid': '20260111_0000086'}}}
Sent event 20260111_0000086 to Kafka
